Using pre-set license
Built from '2020.3/staging' branch; Version is '2020.3.10f1 (297d780c91bc) revision 2719096'; Using compiler version '192528614'; Build Type 'Release'
OS: 'Windows 10 Home; OS build 19043.1348; Version 2009; 64bit' Language: 'en' Physical Memory: 32619 MB
BatchMode: 1, IsHumanControllingUs: 0, StartBugReporterOnCrash: 0, Is64bit: 1, IsPro: 0

 COMMAND LINE ARGUMENTS:
C:\Program Files\Unity\Hub\Editor\2020.3.10f1\Editor\Unity.exe
-adb2
-batchMode
-noUpm
-name
AssetImportWorker1
-projectPath
C:/Repositories/Boids
-logFile
Logs/AssetImportWorker1.log
-srvPort
62883
Successfully changed project path to: C:/Repositories/Boids
C:/Repositories/Boids
Using Asset Import Pipeline V2.
Refreshing native plugins compatible for Editor in 43.51 ms, found 3 plugins.
Preloading 0 native plugins for Editor in 0.00 ms.
Initialize engine version: 2020.3.10f1 (297d780c91bc)
[Subsystems] Discovering subsystems at path C:/Program Files/Unity/Hub/Editor/2020.3.10f1/Editor/Data/Resources/UnitySubsystems
[Subsystems] Discovering subsystems at path C:/Repositories/Boids/Assets
GfxDevice: creating device client; threaded=0
Direct3D:
    Version:  Direct3D 11.0 [level 11.1]
    Renderer: NVIDIA GeForce GTX 1660 Ti (ID=0x2191)
    Vendor:   
    VRAM:     5991 MB
    Driver:   27.21.14.6242
Initialize mono
Mono path[0] = 'C:/Program Files/Unity/Hub/Editor/2020.3.10f1/Editor/Data/Managed'
Mono path[1] = 'C:/Program Files/Unity/Hub/Editor/2020.3.10f1/Editor/Data/MonoBleedingEdge/lib/mono/unityjit'
Mono config path = 'C:/Program Files/Unity/Hub/Editor/2020.3.10f1/Editor/Data/MonoBleedingEdge/etc'
Using monoOptions --debugger-agent=transport=dt_socket,embedding=1,server=y,suspend=n,address=127.0.0.1:56136
Begin MonoManager ReloadAssembly
Registering precompiled unity dll's ...
Register platform support module: C:/Program Files/Unity/Hub/Editor/2020.3.10f1/Editor/Data/PlaybackEngines/WindowsStandaloneSupport/UnityEditor.WindowsStandalone.Extensions.dll
Registered in 0.002544 seconds.
Native extension for WindowsStandalone target not found
Refreshing native plugins compatible for Editor in 41.24 ms, found 3 plugins.
Preloading 0 native plugins for Editor in 0.00 ms.
Mono: successfully reloaded assembly
- Completed reload, in  1.449 seconds
Platform modules already initialized, skipping
Registering precompiled user dll's ...
Registered in 0.005077 seconds.
Begin MonoManager ReloadAssembly
Native extension for WindowsStandalone target not found
Refreshing native plugins compatible for Editor in 53.73 ms, found 3 plugins.
Preloading 0 native plugins for Editor in 0.00 ms.
Mono: successfully reloaded assembly
- Completed reload, in  1.393 seconds
Platform modules already initialized, skipping
========================================================================
Worker process is ready to serve import requests
Launched and connected shader compiler UnityShaderCompiler.exe after 0.06 seconds
Refreshing native plugins compatible for Editor in 0.44 ms, found 3 plugins.
Preloading 0 native plugins for Editor in 0.00 ms.
Unloading 2083 Unused Serialized files (Serialized files now loaded: 0)
System memory in use before: 93.0 MB.
System memory in use after: 93.0 MB.

Unloading 33 unused Assets to reduce memory usage. Loaded Objects now: 2517.
Total: 2.304900 ms (FindLiveObjects: 0.224300 ms CreateObjectMapping: 0.073300 ms MarkObjects: 1.884400 ms  DeleteObjects: 0.121800 ms)

========================================================================
Received Import Request.
  path: Assets/Images n Models/field gondola.png
  artifactKey: Guid(602e4b69f0c081841b4a647e38159437) Importer(815301076,1909f56bfc062723c751e8b465ee728b)
Start importing Assets/Images n Models/field gondola.png using Guid(602e4b69f0c081841b4a647e38159437) Importer(815301076,1909f56bfc062723c751e8b465ee728b)  -> (artifact id: 'c4210fa288018d7dd1a1761cdf0a930f') in 0.165897 seconds
  Import took 0.168854 seconds .

========================================================================
Received Prepare
Registering precompiled user dll's ...
Registered in 0.004420 seconds.
Begin MonoManager ReloadAssembly
Native extension for WindowsStandalone target not found
Refreshing native plugins compatible for Editor in 0.42 ms, found 3 plugins.
Preloading 0 native plugins for Editor in 0.00 ms.
Mono: successfully reloaded assembly
- Completed reload, in  1.043 seconds
Platform modules already initialized, skipping
Refreshing native plugins compatible for Editor in 0.42 ms, found 3 plugins.
Preloading 0 native plugins for Editor in 0.00 ms.
Unloading 2078 Unused Serialized files (Serialized files now loaded: 0)
System memory in use before: 95.9 MB.
System memory in use after: 95.9 MB.

Unloading 21 unused Assets to reduce memory usage. Loaded Objects now: 2527.
Total: 2.653600 ms (FindLiveObjects: 0.222800 ms CreateObjectMapping: 0.107000 ms MarkObjects: 2.213600 ms  DeleteObjects: 0.109000 ms)

========================================================================
Received Prepare
Registering precompiled user dll's ...
Registered in 0.004575 seconds.
Begin MonoManager ReloadAssembly
Native extension for WindowsStandalone target not found
Refreshing native plugins compatible for Editor in 0.40 ms, found 3 plugins.
Preloading 0 native plugins for Editor in 0.00 ms.
Mono: successfully reloaded assembly
- Completed reload, in  1.055 seconds
Platform modules already initialized, skipping
Refreshing native plugins compatible for Editor in 0.40 ms, found 3 plugins.
Preloading 0 native plugins for Editor in 0.00 ms.
Unloading 2078 Unused Serialized files (Serialized files now loaded: 0)
System memory in use before: 96.0 MB.
System memory in use after: 96.0 MB.

Unloading 21 unused Assets to reduce memory usage. Loaded Objects now: 2531.
Total: 2.489500 ms (FindLiveObjects: 0.197600 ms CreateObjectMapping: 0.067500 ms MarkObjects: 2.122900 ms  DeleteObjects: 0.100300 ms)

========================================================================
Received Import Request.
  Time since last request: 77.992636 seconds.
  path: Assets/Images n Models/Boid.png
  artifactKey: Guid(0b14fac2c1f78bf43a1e9f945c879c88) Importer(815301076,1909f56bfc062723c751e8b465ee728b)
Start importing Assets/Images n Models/Boid.png using Guid(0b14fac2c1f78bf43a1e9f945c879c88) Importer(815301076,1909f56bfc062723c751e8b465ee728b)  -> (artifact id: 'c69582eb597d3f5721caae308a251b24') in 0.047582 seconds
  Import took 0.050763 seconds .

========================================================================
Received Import Request.
  Time since last request: 9.823253 seconds.
  path: Assets/Boid.prefab
  artifactKey: Guid(0042d787306bbe845afc0007eb955181) Importer(815301076,1909f56bfc062723c751e8b465ee728b)
Start importing Assets/Boid.prefab using Guid(0042d787306bbe845afc0007eb955181) Importer(815301076,1909f56bfc062723c751e8b465ee728b)  -> (artifact id: '0f4708936ff61242d69075c66c7b199a') in 0.038604 seconds
  Import took 0.042478 seconds .

========================================================================
Received Import Request.
  Time since last request: 1.161397 seconds.
  path: Assets/Boid.prefab
  artifactKey: Guid(0042d787306bbe845afc0007eb955181) Importer(815301076,1909f56bfc062723c751e8b465ee728b)
Start importing Assets/Boid.prefab using Guid(0042d787306bbe845afc0007eb955181) Importer(815301076,1909f56bfc062723c751e8b465ee728b)  -> (artifact id: '24d7a61c32d9dad7aba3ebc0e0caa57f') in 0.009052 seconds
  Import took 0.014697 seconds .

========================================================================
Received Import Request.
  Time since last request: 0.012410 seconds.
  path: Assets/Boid.prefab
  artifactKey: Guid(0042d787306bbe845afc0007eb955181) Importer(815301076,1909f56bfc062723c751e8b465ee728b)
Start importing Assets/Boid.prefab using Guid(0042d787306bbe845afc0007eb955181) Importer(815301076,1909f56bfc062723c751e8b465ee728b)  -> (artifact id: '24d7a61c32d9dad7aba3ebc0e0caa57f') in 0.011471 seconds
  Import took 0.016385 seconds .

========================================================================
Received Prepare
Registering precompiled user dll's ...
Registered in 0.004899 seconds.
Begin MonoManager ReloadAssembly
Native extension for WindowsStandalone target not found
Refreshing native plugins compatible for Editor in 0.44 ms, found 3 plugins.
Preloading 0 native plugins for Editor in 0.00 ms.
Mono: successfully reloaded assembly
- Completed reload, in  1.111 seconds
Platform modules already initialized, skipping
Refreshing native plugins compatible for Editor in 0.41 ms, found 3 plugins.
Preloading 0 native plugins for Editor in 0.00 ms.
Unloading 2078 Unused Serialized files (Serialized files now loaded: 0)
System memory in use before: 96.0 MB.
System memory in use after: 96.0 MB.

Unloading 21 unused Assets to reduce memory usage. Loaded Objects now: 2542.
Total: 4.191500 ms (FindLiveObjects: 0.197400 ms CreateObjectMapping: 0.077100 ms MarkObjects: 3.710300 ms  DeleteObjects: 0.204200 ms)

========================================================================
Received Prepare
Registering precompiled user dll's ...
Registered in 0.008697 seconds.
Begin MonoManager ReloadAssembly
Native extension for WindowsStandalone target not found
Refreshing native plugins compatible for Editor in 0.67 ms, found 3 plugins.
Preloading 0 native plugins for Editor in 0.00 ms.
Mono: successfully reloaded assembly
- Completed reload, in  1.445 seconds
Platform modules already initialized, skipping
Refreshing native plugins compatible for Editor in 0.44 ms, found 3 plugins.
Preloading 0 native plugins for Editor in 0.00 ms.
Unloading 2078 Unused Serialized files (Serialized files now loaded: 0)
System memory in use before: 96.0 MB.
System memory in use after: 96.0 MB.

Unloading 21 unused Assets to reduce memory usage. Loaded Objects now: 2546.
Total: 3.048300 ms (FindLiveObjects: 0.239900 ms CreateObjectMapping: 0.140100 ms MarkObjects: 2.554500 ms  DeleteObjects: 0.112800 ms)

========================================================================
Received Prepare
Registering precompiled user dll's ...
Registered in 0.006337 seconds.
Begin MonoManager ReloadAssembly
Native extension for WindowsStandalone target not found
Refreshing native plugins compatible for Editor in 0.47 ms, found 3 plugins.
Preloading 0 native plugins for Editor in 0.00 ms.
Mono: successfully reloaded assembly
- Completed reload, in  1.406 seconds
Platform modules already initialized, skipping
Refreshing native plugins compatible for Editor in 0.47 ms, found 3 plugins.
Preloading 0 native plugins for Editor in 0.00 ms.
Unloading 2078 Unused Serialized files (Serialized files now loaded: 0)
System memory in use before: 96.0 MB.
System memory in use after: 96.0 MB.

Unloading 21 unused Assets to reduce memory usage. Loaded Objects now: 2550.
Total: 5.786700 ms (FindLiveObjects: 0.405300 ms CreateObjectMapping: 0.214800 ms MarkObjects: 4.919200 ms  DeleteObjects: 0.245800 ms)

========================================================================
Received Prepare
Registering precompiled user dll's ...
Registered in 0.005936 seconds.
Begin MonoManager ReloadAssembly
Native extension for WindowsStandalone target not found
Refreshing native plugins compatible for Editor in 0.57 ms, found 3 plugins.
Preloading 0 native plugins for Editor in 0.00 ms.
Mono: successfully reloaded assembly
- Completed reload, in  1.343 seconds
Platform modules already initialized, skipping
Refreshing native plugins compatible for Editor in 0.47 ms, found 3 plugins.
Preloading 0 native plugins for Editor in 0.00 ms.
Unloading 2078 Unused Serialized files (Serialized files now loaded: 0)
System memory in use before: 96.1 MB.
System memory in use after: 96.0 MB.

Unloading 21 unused Assets to reduce memory usage. Loaded Objects now: 2554.
Total: 5.610700 ms (FindLiveObjects: 0.810000 ms CreateObjectMapping: 0.430200 ms MarkObjects: 3.991400 ms  DeleteObjects: 0.375800 ms)

========================================================================
Received Import Request.
  Time since last request: 237.742620 seconds.
  path: Assets/Boid.prefab
  artifactKey: Guid(0042d787306bbe845afc0007eb955181) Importer(815301076,1909f56bfc062723c751e8b465ee728b)
Start importing Assets/Boid.prefab using Guid(0042d787306bbe845afc0007eb955181) Importer(815301076,1909f56bfc062723c751e8b465ee728b)  -> (artifact id: '2e1fbf86c45969b33a6b0f2bab39ffbf') in 0.073940 seconds
  Import took 0.079956 seconds .

========================================================================
Received Prepare
Registering precompiled user dll's ...
Registered in 0.004409 seconds.
Begin MonoManager ReloadAssembly
Native extension for WindowsStandalone target not found
Refreshing native plugins compatible for Editor in 0.40 ms, found 3 plugins.
Preloading 0 native plugins for Editor in 0.00 ms.
Mono: successfully reloaded assembly
- Completed reload, in  1.159 seconds
Platform modules already initialized, skipping
Refreshing native plugins compatible for Editor in 0.40 ms, found 3 plugins.
Preloading 0 native plugins for Editor in 0.00 ms.
Unloading 2078 Unused Serialized files (Serialized files now loaded: 0)
System memory in use before: 96.1 MB.
System memory in use after: 96.1 MB.

Unloading 21 unused Assets to reduce memory usage. Loaded Objects now: 2559.
Total: 2.560500 ms (FindLiveObjects: 0.206900 ms CreateObjectMapping: 0.092800 ms MarkObjects: 2.145000 ms  DeleteObjects: 0.114700 ms)

========================================================================
Received Prepare
Registering precompiled user dll's ...
Registered in 0.004766 seconds.
Begin MonoManager ReloadAssembly
Native extension for WindowsStandalone target not found
Refreshing native plugins compatible for Editor in 0.42 ms, found 3 plugins.
Preloading 0 native plugins for Editor in 0.00 ms.
Mono: successfully reloaded assembly
- Completed reload, in  1.127 seconds
Platform modules already initialized, skipping
Refreshing native plugins compatible for Editor in 0.43 ms, found 3 plugins.
Preloading 0 native plugins for Editor in 0.00 ms.
Unloading 2078 Unused Serialized files (Serialized files now loaded: 0)
System memory in use before: 96.1 MB.
System memory in use after: 96.1 MB.

Unloading 21 unused Assets to reduce memory usage. Loaded Objects now: 2563.
Total: 2.434200 ms (FindLiveObjects: 0.202400 ms CreateObjectMapping: 0.068600 ms MarkObjects: 2.060000 ms  DeleteObjects: 0.102300 ms)

========================================================================
Received Import Request.
  Time since last request: 482.191360 seconds.
  path: Assets/Boid.prefab
  artifactKey: Guid(0042d787306bbe845afc0007eb955181) Importer(815301076,1909f56bfc062723c751e8b465ee728b)
Start importing Assets/Boid.prefab using Guid(0042d787306bbe845afc0007eb955181) Importer(815301076,1909f56bfc062723c751e8b465ee728b)  -> (artifact id: 'bf3effdde1f9a8c194965c5dd5750dce') in 0.062136 seconds
  Import took 0.066325 seconds .

========================================================================
Received Import Request.
  Time since last request: 8.805320 seconds.
  path: Assets/Boid.prefab
  artifactKey: Guid(0042d787306bbe845afc0007eb955181) Importer(815301076,1909f56bfc062723c751e8b465ee728b)
Start importing Assets/Boid.prefab using Guid(0042d787306bbe845afc0007eb955181) Importer(815301076,1909f56bfc062723c751e8b465ee728b)  -> (artifact id: 'abb67ca1df3a8cc9de42553a83574d42') in 0.008804 seconds
  Import took 0.013152 seconds .

========================================================================
Received Import Request.
  Time since last request: 11.974954 seconds.
  path: Assets/Boid.prefab
  artifactKey: Guid(0042d787306bbe845afc0007eb955181) Importer(815301076,1909f56bfc062723c751e8b465ee728b)
Start importing Assets/Boid.prefab using Guid(0042d787306bbe845afc0007eb955181) Importer(815301076,1909f56bfc062723c751e8b465ee728b)  -> (artifact id: '8edc0297813898c793a9fa4230d0eb2f') in 0.010314 seconds
  Import took 0.014633 seconds .

========================================================================
Received Import Request.
  Time since last request: 2.599680 seconds.
  path: Assets/Boid.prefab
  artifactKey: Guid(0042d787306bbe845afc0007eb955181) Importer(815301076,1909f56bfc062723c751e8b465ee728b)
Start importing Assets/Boid.prefab using Guid(0042d787306bbe845afc0007eb955181) Importer(815301076,1909f56bfc062723c751e8b465ee728b)  -> (artifact id: 'c849c9609c84b93518b8497bd893f546') in 0.008516 seconds
  Import took 0.011947 seconds .

========================================================================
Received Import Request.
  Time since last request: 6.255178 seconds.
  path: Assets/Boid.prefab
  artifactKey: Guid(0042d787306bbe845afc0007eb955181) Importer(815301076,1909f56bfc062723c751e8b465ee728b)
Start importing Assets/Boid.prefab using Guid(0042d787306bbe845afc0007eb955181) Importer(815301076,1909f56bfc062723c751e8b465ee728b)  -> (artifact id: 'ba73cc6d3597e374f7a99b3cc1888d7c') in 0.012928 seconds
  Import took 0.017844 seconds .

========================================================================
Received Import Request.
  Time since last request: 2.190895 seconds.
  path: Assets/Boid.prefab
  artifactKey: Guid(0042d787306bbe845afc0007eb955181) Importer(815301076,1909f56bfc062723c751e8b465ee728b)
Start importing Assets/Boid.prefab using Guid(0042d787306bbe845afc0007eb955181) Importer(815301076,1909f56bfc062723c751e8b465ee728b)  -> (artifact id: '0cbc0282621b2d05e734f7985892df2c') in 0.013289 seconds
  Import took 0.017214 seconds .

========================================================================
Received Import Request.
  Time since last request: 2.834133 seconds.
  path: Assets/Boid.prefab
  artifactKey: Guid(0042d787306bbe845afc0007eb955181) Importer(815301076,1909f56bfc062723c751e8b465ee728b)
Start importing Assets/Boid.prefab using Guid(0042d787306bbe845afc0007eb955181) Importer(815301076,1909f56bfc062723c751e8b465ee728b)  -> (artifact id: 'ed8694d6a7bfa7d86ab9e9f743a2cb66') in 0.008894 seconds
  Import took 0.012672 seconds .

========================================================================
Received Import Request.
  Time since last request: 3.222743 seconds.
  path: Assets/Boid.prefab
  artifactKey: Guid(0042d787306bbe845afc0007eb955181) Importer(815301076,1909f56bfc062723c751e8b465ee728b)
Start importing Assets/Boid.prefab using Guid(0042d787306bbe845afc0007eb955181) Importer(815301076,1909f56bfc062723c751e8b465ee728b)  -> (artifact id: '9e84ee8880ffc08216a5a5904ca4b68c') in 0.009621 seconds
  Import took 0.013723 seconds .

========================================================================
Received Import Request.
  Time since last request: 11.688410 seconds.
  path: Assets/Boid.prefab
  artifactKey: Guid(0042d787306bbe845afc0007eb955181) Importer(815301076,1909f56bfc062723c751e8b465ee728b)
Start importing Assets/Boid.prefab using Guid(0042d787306bbe845afc0007eb955181) Importer(815301076,1909f56bfc062723c751e8b465ee728b)  -> (artifact id: '07fad25b2b27bb2b8cbce63c9f50e76e') in 0.011261 seconds
  Import took 0.018745 seconds .

========================================================================
Received Import Request.
  Time since last request: 4.446448 seconds.
  path: Assets/Boid.prefab
  artifactKey: Guid(0042d787306bbe845afc0007eb955181) Importer(815301076,1909f56bfc062723c751e8b465ee728b)
Start importing Assets/Boid.prefab using Guid(0042d787306bbe845afc0007eb955181) Importer(815301076,1909f56bfc062723c751e8b465ee728b)  -> (artifact id: 'd8cf51972ad45ad701d3097a64e9bfc0') in 0.009416 seconds
  Import took 0.013667 seconds .

========================================================================
Received Import Request.
  Time since last request: 10.888602 seconds.
  path: Assets/Boid.prefab
  artifactKey: Guid(0042d787306bbe845afc0007eb955181) Importer(815301076,1909f56bfc062723c751e8b465ee728b)
Start importing Assets/Boid.prefab using Guid(0042d787306bbe845afc0007eb955181) Importer(815301076,1909f56bfc062723c751e8b465ee728b)  -> (artifact id: '112b36718f725d551bd474da4fa0b9d7') in 0.009494 seconds
  Import took 0.016122 seconds .

========================================================================
Received Import Request.
  Time since last request: 17.700736 seconds.
  path: Assets/Boid.prefab
  artifactKey: Guid(0042d787306bbe845afc0007eb955181) Importer(815301076,1909f56bfc062723c751e8b465ee728b)
Start importing Assets/Boid.prefab using Guid(0042d787306bbe845afc0007eb955181) Importer(815301076,1909f56bfc062723c751e8b465ee728b)  -> (artifact id: 'cdd213d57bb745a3ee91d862352ec8bc') in 0.009838 seconds
  Import took 0.018338 seconds .

========================================================================
Received Import Request.
  Time since last request: 1.844516 seconds.
  path: Assets/Boid.prefab
  artifactKey: Guid(0042d787306bbe845afc0007eb955181) Importer(815301076,1909f56bfc062723c751e8b465ee728b)
Start importing Assets/Boid.prefab using Guid(0042d787306bbe845afc0007eb955181) Importer(815301076,1909f56bfc062723c751e8b465ee728b)  -> (artifact id: '9023c08612fb3c5bf49f9ce4ebbc4294') in 0.010533 seconds
  Import took 0.016774 seconds .

========================================================================
Received Import Request.
  Time since last request: 3.012211 seconds.
  path: Assets/Boid.prefab
  artifactKey: Guid(0042d787306bbe845afc0007eb955181) Importer(815301076,1909f56bfc062723c751e8b465ee728b)
Start importing Assets/Boid.prefab using Guid(0042d787306bbe845afc0007eb955181) Importer(815301076,1909f56bfc062723c751e8b465ee728b)  -> (artifact id: '3c23ef588bc606d38e50c9beaff15d46') in 0.014642 seconds
  Import took 0.019223 seconds .

========================================================================
Received Import Request.
  Time since last request: 0.591896 seconds.
  path: Assets/Boid.prefab
  artifactKey: Guid(0042d787306bbe845afc0007eb955181) Importer(815301076,1909f56bfc062723c751e8b465ee728b)
Start importing Assets/Boid.prefab using Guid(0042d787306bbe845afc0007eb955181) Importer(815301076,1909f56bfc062723c751e8b465ee728b)  -> (artifact id: '0e6157ce7ac18d7846b917b1eaced19c') in 0.009219 seconds
  Import took 0.013178 seconds .

========================================================================
Received Import Request.
  Time since last request: 1.207223 seconds.
  path: Assets/Boid.prefab
  artifactKey: Guid(0042d787306bbe845afc0007eb955181) Importer(815301076,1909f56bfc062723c751e8b465ee728b)
Start importing Assets/Boid.prefab using Guid(0042d787306bbe845afc0007eb955181) Importer(815301076,1909f56bfc062723c751e8b465ee728b)  -> (artifact id: '82d94a5d317c47eec319663e9e50e326') in 0.013398 seconds
  Import took 0.017368 seconds .

========================================================================
Received Import Request.
  Time since last request: 1.804419 seconds.
  path: Assets/Boid.prefab
  artifactKey: Guid(0042d787306bbe845afc0007eb955181) Importer(815301076,1909f56bfc062723c751e8b465ee728b)
Start importing Assets/Boid.prefab using Guid(0042d787306bbe845afc0007eb955181) Importer(815301076,1909f56bfc062723c751e8b465ee728b)  -> (artifact id: '02fa1e851b2956acf59a08413d16f9bb') in 0.008899 seconds
  Import took 0.013874 seconds .

========================================================================
Received Import Request.
  Time since last request: 5.859831 seconds.
  path: Assets/Boid.prefab
  artifactKey: Guid(0042d787306bbe845afc0007eb955181) Importer(815301076,1909f56bfc062723c751e8b465ee728b)
Start importing Assets/Boid.prefab using Guid(0042d787306bbe845afc0007eb955181) Importer(815301076,1909f56bfc062723c751e8b465ee728b)  -> (artifact id: '318ca4795fbbf4b5f3e34487498999a9') in 0.014624 seconds
  Import took 0.019697 seconds .

========================================================================
Received Import Request.
  Time since last request: 4.015866 seconds.
  path: Assets/Boid.prefab
  artifactKey: Guid(0042d787306bbe845afc0007eb955181) Importer(815301076,1909f56bfc062723c751e8b465ee728b)
Start importing Assets/Boid.prefab using Guid(0042d787306bbe845afc0007eb955181) Importer(815301076,1909f56bfc062723c751e8b465ee728b)  -> (artifact id: 'b122428c06eca927ba1c2c07c094b8e4') in 0.013527 seconds
  Import took 0.018122 seconds .

========================================================================
Received Prepare
Registering precompiled user dll's ...
Registered in 0.004322 seconds.
Begin MonoManager ReloadAssembly
Native extension for WindowsStandalone target not found
Refreshing native plugins compatible for Editor in 1.18 ms, found 3 plugins.
Preloading 0 native plugins for Editor in 0.00 ms.
Mono: successfully reloaded assembly
- Completed reload, in  1.080 seconds
Platform modules already initialized, skipping
Refreshing native plugins compatible for Editor in 0.42 ms, found 3 plugins.
Preloading 0 native plugins for Editor in 0.00 ms.
Unloading 2078 Unused Serialized files (Serialized files now loaded: 0)
System memory in use before: 96.2 MB.
System memory in use after: 96.2 MB.

Unloading 22 unused Assets to reduce memory usage. Loaded Objects now: 2570.
Total: 2.239300 ms (FindLiveObjects: 0.183000 ms CreateObjectMapping: 0.079600 ms MarkObjects: 1.862800 ms  DeleteObjects: 0.112900 ms)

========================================================================
Received Import Request.
  Time since last request: 139.886875 seconds.
  path: Assets/Boid.prefab
  artifactKey: Guid(0042d787306bbe845afc0007eb955181) Importer(815301076,1909f56bfc062723c751e8b465ee728b)
Start importing Assets/Boid.prefab using Guid(0042d787306bbe845afc0007eb955181) Importer(815301076,1909f56bfc062723c751e8b465ee728b)  -> (artifact id: '8f3f101e332c1a4f7dc2de7f5d3d0037') in 0.065609 seconds
  Import took 0.069786 seconds .

========================================================================
Received Prepare
Registering precompiled user dll's ...
Registered in 0.007468 seconds.
Begin MonoManager ReloadAssembly
Native extension for WindowsStandalone target not found
Refreshing native plugins compatible for Editor in 0.40 ms, found 3 plugins.
Preloading 0 native plugins for Editor in 0.00 ms.
Mono: successfully reloaded assembly
- Completed reload, in  1.152 seconds
Platform modules already initialized, skipping
Refreshing native plugins compatible for Editor in 0.42 ms, found 3 plugins.
Preloading 0 native plugins for Editor in 0.00 ms.
Unloading 2078 Unused Serialized files (Serialized files now loaded: 0)
System memory in use before: 96.2 MB.
System memory in use after: 96.2 MB.

Unloading 22 unused Assets to reduce memory usage. Loaded Objects now: 2575.
Total: 2.361300 ms (FindLiveObjects: 0.240600 ms CreateObjectMapping: 0.073700 ms MarkObjects: 1.934300 ms  DeleteObjects: 0.111500 ms)

========================================================================
Received Prepare
Registering precompiled user dll's ...
Registered in 0.004484 seconds.
Begin MonoManager ReloadAssembly
Native extension for WindowsStandalone target not found
Refreshing native plugins compatible for Editor in 0.57 ms, found 3 plugins.
Preloading 0 native plugins for Editor in 0.00 ms.
Mono: successfully reloaded assembly
- Completed reload, in  1.138 seconds
Platform modules already initialized, skipping
Refreshing native plugins compatible for Editor in 0.43 ms, found 3 plugins.
Preloading 0 native plugins for Editor in 0.00 ms.
Unloading 2078 Unused Serialized files (Serialized files now loaded: 0)
System memory in use before: 96.2 MB.
System memory in use after: 96.2 MB.

Unloading 21 unused Assets to reduce memory usage. Loaded Objects now: 2579.
Total: 2.577000 ms (FindLiveObjects: 0.210400 ms CreateObjectMapping: 0.072600 ms MarkObjects: 2.190600 ms  DeleteObjects: 0.102300 ms)

========================================================================
Received Prepare
Registering precompiled user dll's ...
Registered in 0.006138 seconds.
Begin MonoManager ReloadAssembly
Native extension for WindowsStandalone target not found
Refreshing native plugins compatible for Editor in 0.65 ms, found 3 plugins.
Preloading 0 native plugins for Editor in 0.00 ms.
Mono: successfully reloaded assembly
- Completed reload, in  1.065 seconds
Platform modules already initialized, skipping
Refreshing native plugins compatible for Editor in 0.40 ms, found 3 plugins.
Preloading 0 native plugins for Editor in 0.00 ms.
Unloading 2078 Unused Serialized files (Serialized files now loaded: 0)
System memory in use before: 96.2 MB.
System memory in use after: 96.2 MB.

Unloading 21 unused Assets to reduce memory usage. Loaded Objects now: 2583.
Total: 2.724100 ms (FindLiveObjects: 0.224700 ms CreateObjectMapping: 0.096900 ms MarkObjects: 2.295100 ms  DeleteObjects: 0.106400 ms)

========================================================================
Received Prepare
Registering precompiled user dll's ...
Registered in 0.005082 seconds.
Begin MonoManager ReloadAssembly
Native extension for WindowsStandalone target not found
Refreshing native plugins compatible for Editor in 0.45 ms, found 3 plugins.
Preloading 0 native plugins for Editor in 0.00 ms.
Mono: successfully reloaded assembly
- Completed reload, in  1.036 seconds
Platform modules already initialized, skipping
Refreshing native plugins compatible for Editor in 0.44 ms, found 3 plugins.
Preloading 0 native plugins for Editor in 0.00 ms.
Unloading 2078 Unused Serialized files (Serialized files now loaded: 0)
System memory in use before: 96.2 MB.
System memory in use after: 96.1 MB.

Unloading 21 unused Assets to reduce memory usage. Loaded Objects now: 2587.
Total: 2.604600 ms (FindLiveObjects: 0.203300 ms CreateObjectMapping: 0.086500 ms MarkObjects: 2.205600 ms  DeleteObjects: 0.108200 ms)

========================================================================
Received Import Request.
  Time since last request: 103.160710 seconds.
  path: Assets/Boid.prefab
  artifactKey: Guid(0042d787306bbe845afc0007eb955181) Importer(815301076,1909f56bfc062723c751e8b465ee728b)
Start importing Assets/Boid.prefab using Guid(0042d787306bbe845afc0007eb955181) Importer(815301076,1909f56bfc062723c751e8b465ee728b)  -> (artifact id: '31722136cb379ed7ff154b7a41227362') in 0.055660 seconds
  Import took 0.058809 seconds .

========================================================================
Received Import Request.
  Time since last request: 0.181479 seconds.
  path: Assets/Boid.prefab
  artifactKey: Guid(0042d787306bbe845afc0007eb955181) Importer(815301076,1909f56bfc062723c751e8b465ee728b)
Start importing Assets/Boid.prefab using Guid(0042d787306bbe845afc0007eb955181) Importer(815301076,1909f56bfc062723c751e8b465ee728b)  -> (artifact id: '31722136cb379ed7ff154b7a41227362') in 0.009774 seconds
  Import took 0.014782 seconds .

========================================================================
Received Prepare
Registering precompiled user dll's ...
Registered in 0.005899 seconds.
Begin MonoManager ReloadAssembly
Native extension for WindowsStandalone target not found
Refreshing native plugins compatible for Editor in 0.52 ms, found 3 plugins.
Preloading 0 native plugins for Editor in 0.00 ms.
Mono: successfully reloaded assembly
- Completed reload, in  1.383 seconds
Platform modules already initialized, skipping
Refreshing native plugins compatible for Editor in 0.41 ms, found 3 plugins.
Preloading 0 native plugins for Editor in 0.00 ms.
Unloading 2078 Unused Serialized files (Serialized files now loaded: 0)
System memory in use before: 96.2 MB.
System memory in use after: 96.1 MB.

Unloading 22 unused Assets to reduce memory usage. Loaded Objects now: 2592.
Total: 2.058700 ms (FindLiveObjects: 0.192000 ms CreateObjectMapping: 0.080800 ms MarkObjects: 1.676700 ms  DeleteObjects: 0.107900 ms)

========================================================================
Received Prepare
Registering precompiled user dll's ...
Registered in 0.006068 seconds.
Begin MonoManager ReloadAssembly
Native extension for WindowsStandalone target not found
Refreshing native plugins compatible for Editor in 0.41 ms, found 3 plugins.
Preloading 0 native plugins for Editor in 0.00 ms.
Mono: successfully reloaded assembly
- Completed reload, in  1.096 seconds
Platform modules already initialized, skipping
Refreshing native plugins compatible for Editor in 0.45 ms, found 3 plugins.
Preloading 0 native plugins for Editor in 0.00 ms.
Unloading 2078 Unused Serialized files (Serialized files now loaded: 0)
System memory in use before: 96.2 MB.
System memory in use after: 96.2 MB.

Unloading 21 unused Assets to reduce memory usage. Loaded Objects now: 2596.
Total: 2.278600 ms (FindLiveObjects: 0.212000 ms CreateObjectMapping: 0.076000 ms MarkObjects: 1.886200 ms  DeleteObjects: 0.103500 ms)

========================================================================
Received Import Request.
  Time since last request: 44.973068 seconds.
  path: Assets/Boid.prefab
  artifactKey: Guid(0042d787306bbe845afc0007eb955181) Importer(815301076,1909f56bfc062723c751e8b465ee728b)
Start importing Assets/Boid.prefab using Guid(0042d787306bbe845afc0007eb955181) Importer(815301076,1909f56bfc062723c751e8b465ee728b)  -> (artifact id: 'db98f93d2c979b64e503544b601de6af') in 0.054277 seconds
  Import took 0.057996 seconds .

========================================================================
Received Import Request.
  Time since last request: 4.373991 seconds.
  path: Assets/Boid.prefab
  artifactKey: Guid(0042d787306bbe845afc0007eb955181) Importer(815301076,1909f56bfc062723c751e8b465ee728b)
Start importing Assets/Boid.prefab using Guid(0042d787306bbe845afc0007eb955181) Importer(815301076,1909f56bfc062723c751e8b465ee728b)  -> (artifact id: 'cc269768733e0a9b050f07245b77911b') in 0.010479 seconds
  Import took 0.017757 seconds .

========================================================================
Received Import Request.
  Time since last request: 14.490662 seconds.
  path: Assets/Boid.prefab
  artifactKey: Guid(0042d787306bbe845afc0007eb955181) Importer(815301076,1909f56bfc062723c751e8b465ee728b)
Start importing Assets/Boid.prefab using Guid(0042d787306bbe845afc0007eb955181) Importer(815301076,1909f56bfc062723c751e8b465ee728b)  -> (artifact id: '40ad6e028c028c4ebb5b09292ab01cce') in 0.013432 seconds
  Import took 0.017231 seconds .

========================================================================
Received Import Request.
  Time since last request: 3.039905 seconds.
  path: Assets/Boid.prefab
  artifactKey: Guid(0042d787306bbe845afc0007eb955181) Importer(815301076,1909f56bfc062723c751e8b465ee728b)
Start importing Assets/Boid.prefab using Guid(0042d787306bbe845afc0007eb955181) Importer(815301076,1909f56bfc062723c751e8b465ee728b)  -> (artifact id: '1f9c376ce22339cef82a4d96c980b921') in 0.011127 seconds
  Import took 0.017714 seconds .

========================================================================
Received Import Request.
  Time since last request: 2.590113 seconds.
  path: Assets/Boid.prefab
  artifactKey: Guid(0042d787306bbe845afc0007eb955181) Importer(815301076,1909f56bfc062723c751e8b465ee728b)
Start importing Assets/Boid.prefab using Guid(0042d787306bbe845afc0007eb955181) Importer(815301076,1909f56bfc062723c751e8b465ee728b)  -> (artifact id: 'eb247c241f08f38126487b320fc37168') in 0.016220 seconds
  Import took 0.020498 seconds .

========================================================================
Received Prepare
Registering precompiled user dll's ...
Registered in 0.004506 seconds.
Begin MonoManager ReloadAssembly
Native extension for WindowsStandalone target not found
Refreshing native plugins compatible for Editor in 0.42 ms, found 3 plugins.
Preloading 0 native plugins for Editor in 0.00 ms.
Mono: successfully reloaded assembly
- Completed reload, in  1.247 seconds
Platform modules already initialized, skipping
Refreshing native plugins compatible for Editor in 0.39 ms, found 3 plugins.
Preloading 0 native plugins for Editor in 0.00 ms.
Unloading 2078 Unused Serialized files (Serialized files now loaded: 0)
System memory in use before: 96.2 MB.
System memory in use after: 96.2 MB.

Unloading 22 unused Assets to reduce memory usage. Loaded Objects now: 2601.
Total: 2.235400 ms (FindLiveObjects: 0.191100 ms CreateObjectMapping: 0.078700 ms MarkObjects: 1.846300 ms  DeleteObjects: 0.118300 ms)

========================================================================
Received Prepare
Registering precompiled user dll's ...
Registered in 0.007585 seconds.
Begin MonoManager ReloadAssembly
Native extension for WindowsStandalone target not found
Refreshing native plugins compatible for Editor in 0.41 ms, found 3 plugins.
Preloading 0 native plugins for Editor in 0.00 ms.
Mono: successfully reloaded assembly
- Completed reload, in  0.991 seconds
Platform modules already initialized, skipping
Refreshing native plugins compatible for Editor in 0.40 ms, found 3 plugins.
Preloading 0 native plugins for Editor in 0.00 ms.
Unloading 2078 Unused Serialized files (Serialized files now loaded: 0)
System memory in use before: 96.2 MB.
System memory in use after: 96.2 MB.

Unloading 21 unused Assets to reduce memory usage. Loaded Objects now: 2605.
Total: 2.553000 ms (FindLiveObjects: 0.215800 ms CreateObjectMapping: 0.074200 ms MarkObjects: 2.151500 ms  DeleteObjects: 0.110500 ms)

========================================================================
Received Prepare
Registering precompiled user dll's ...
Registered in 0.004328 seconds.
Begin MonoManager ReloadAssembly
Native extension for WindowsStandalone target not found
Refreshing native plugins compatible for Editor in 0.41 ms, found 3 plugins.
Preloading 0 native plugins for Editor in 0.00 ms.
Mono: successfully reloaded assembly
- Completed reload, in  1.099 seconds
Platform modules already initialized, skipping
Refreshing native plugins compatible for Editor in 1.05 ms, found 3 plugins.
Preloading 0 native plugins for Editor in 0.00 ms.
Unloading 2078 Unused Serialized files (Serialized files now loaded: 0)
System memory in use before: 96.2 MB.
System memory in use after: 96.2 MB.

Unloading 21 unused Assets to reduce memory usage. Loaded Objects now: 2609.
Total: 2.259900 ms (FindLiveObjects: 0.212100 ms CreateObjectMapping: 0.085100 ms MarkObjects: 1.851900 ms  DeleteObjects: 0.109700 ms)

========================================================================
Received Prepare
Registering precompiled user dll's ...
Registered in 0.004584 seconds.
Begin MonoManager ReloadAssembly
Native extension for WindowsStandalone target not found
Refreshing native plugins compatible for Editor in 0.48 ms, found 3 plugins.
Preloading 0 native plugins for Editor in 0.00 ms.
Mono: successfully reloaded assembly
- Completed reload, in  1.197 seconds
Platform modules already initialized, skipping
Refreshing native plugins compatible for Editor in 0.40 ms, found 3 plugins.
Preloading 0 native plugins for Editor in 0.00 ms.
Unloading 2078 Unused Serialized files (Serialized files now loaded: 0)
System memory in use before: 96.2 MB.
System memory in use after: 96.2 MB.

Unloading 21 unused Assets to reduce memory usage. Loaded Objects now: 2613.
Total: 2.511600 ms (FindLiveObjects: 0.230700 ms CreateObjectMapping: 0.085600 ms MarkObjects: 2.082100 ms  DeleteObjects: 0.112000 ms)

========================================================================
Received Prepare
Registering precompiled user dll's ...
Registered in 0.006332 seconds.
Begin MonoManager ReloadAssembly
Native extension for WindowsStandalone target not found
Refreshing native plugins compatible for Editor in 0.40 ms, found 3 plugins.
Preloading 0 native plugins for Editor in 0.00 ms.
Mono: successfully reloaded assembly
- Completed reload, in  1.061 seconds
Platform modules already initialized, skipping
Refreshing native plugins compatible for Editor in 0.43 ms, found 3 plugins.
Preloading 0 native plugins for Editor in 0.00 ms.
Unloading 2078 Unused Serialized files (Serialized files now loaded: 0)
System memory in use before: 96.2 MB.
System memory in use after: 96.2 MB.

Unloading 21 unused Assets to reduce memory usage. Loaded Objects now: 2617.
Total: 2.767100 ms (FindLiveObjects: 0.205500 ms CreateObjectMapping: 0.065600 ms MarkObjects: 2.392200 ms  DeleteObjects: 0.102900 ms)

========================================================================
Received Prepare
Registering precompiled user dll's ...
Registered in 0.007184 seconds.
Begin MonoManager ReloadAssembly
Native extension for WindowsStandalone target not found
Refreshing native plugins compatible for Editor in 0.98 ms, found 3 plugins.
Preloading 0 native plugins for Editor in 0.00 ms.
Mono: successfully reloaded assembly
- Completed reload, in  1.205 seconds
Platform modules already initialized, skipping
Refreshing native plugins compatible for Editor in 0.45 ms, found 3 plugins.
Preloading 0 native plugins for Editor in 0.00 ms.
Unloading 2078 Unused Serialized files (Serialized files now loaded: 0)
System memory in use before: 96.2 MB.
System memory in use after: 96.2 MB.

Unloading 21 unused Assets to reduce memory usage. Loaded Objects now: 2621.
Total: 6.877300 ms (FindLiveObjects: 0.434100 ms CreateObjectMapping: 0.324300 ms MarkObjects: 5.757000 ms  DeleteObjects: 0.357800 ms)

========================================================================
Received Prepare
Registering precompiled user dll's ...
Registered in 0.006017 seconds.
Begin MonoManager ReloadAssembly
Native extension for WindowsStandalone target not found
Refreshing native plugins compatible for Editor in 0.42 ms, found 3 plugins.
Preloading 0 native plugins for Editor in 0.00 ms.
Mono: successfully reloaded assembly
- Completed reload, in  1.118 seconds
Platform modules already initialized, skipping
Refreshing native plugins compatible for Editor in 0.42 ms, found 3 plugins.
Preloading 0 native plugins for Editor in 0.00 ms.
Unloading 2078 Unused Serialized files (Serialized files now loaded: 0)
System memory in use before: 96.3 MB.
System memory in use after: 96.2 MB.

Unloading 21 unused Assets to reduce memory usage. Loaded Objects now: 2625.
Total: 2.378700 ms (FindLiveObjects: 0.270900 ms CreateObjectMapping: 0.109700 ms MarkObjects: 1.889200 ms  DeleteObjects: 0.107800 ms)

========================================================================
Received Prepare
Registering precompiled user dll's ...
Registered in 0.004660 seconds.
Begin MonoManager ReloadAssembly
Native extension for WindowsStandalone target not found
Refreshing native plugins compatible for Editor in 0.43 ms, found 3 plugins.
Preloading 0 native plugins for Editor in 0.00 ms.
Mono: successfully reloaded assembly
- Completed reload, in  1.223 seconds
Platform modules already initialized, skipping
Refreshing native plugins compatible for Editor in 0.44 ms, found 3 plugins.
Preloading 0 native plugins for Editor in 0.00 ms.
Unloading 2078 Unused Serialized files (Serialized files now loaded: 0)
System memory in use before: 96.3 MB.
System memory in use after: 96.2 MB.

Unloading 21 unused Assets to reduce memory usage. Loaded Objects now: 2629.
Total: 2.592000 ms (FindLiveObjects: 0.222900 ms CreateObjectMapping: 0.098000 ms MarkObjects: 2.164500 ms  DeleteObjects: 0.105400 ms)

========================================================================
Received Prepare
Registering precompiled user dll's ...
Registered in 0.006570 seconds.
Begin MonoManager ReloadAssembly
Native extension for WindowsStandalone target not found
Refreshing native plugins compatible for Editor in 0.46 ms, found 3 plugins.
Preloading 0 native plugins for Editor in 0.00 ms.
Mono: successfully reloaded assembly
- Completed reload, in  1.105 seconds
Platform modules already initialized, skipping
Refreshing native plugins compatible for Editor in 0.43 ms, found 3 plugins.
Preloading 0 native plugins for Editor in 0.00 ms.
Unloading 2078 Unused Serialized files (Serialized files now loaded: 0)
System memory in use before: 96.3 MB.
System memory in use after: 96.3 MB.

Unloading 21 unused Assets to reduce memory usage. Loaded Objects now: 2633.
Total: 4.958000 ms (FindLiveObjects: 0.613000 ms CreateObjectMapping: 0.383200 ms MarkObjects: 3.846300 ms  DeleteObjects: 0.114100 ms)

========================================================================
Received Prepare
Registering precompiled user dll's ...
Registered in 0.005360 seconds.
Begin MonoManager ReloadAssembly
Native extension for WindowsStandalone target not found
Refreshing native plugins compatible for Editor in 0.98 ms, found 3 plugins.
Preloading 0 native plugins for Editor in 0.00 ms.
Mono: successfully reloaded assembly
- Completed reload, in  1.139 seconds
Platform modules already initialized, skipping
Refreshing native plugins compatible for Editor in 0.50 ms, found 3 plugins.
Preloading 0 native plugins for Editor in 0.00 ms.
Unloading 2078 Unused Serialized files (Serialized files now loaded: 0)
System memory in use before: 96.3 MB.
System memory in use after: 96.3 MB.

Unloading 21 unused Assets to reduce memory usage. Loaded Objects now: 2637.
Total: 2.967000 ms (FindLiveObjects: 0.217000 ms CreateObjectMapping: 0.079200 ms MarkObjects: 2.483200 ms  DeleteObjects: 0.186100 ms)

========================================================================
Received Prepare
Registering precompiled user dll's ...
Registered in 0.006422 seconds.
Begin MonoManager ReloadAssembly
Native extension for WindowsStandalone target not found
Refreshing native plugins compatible for Editor in 0.50 ms, found 3 plugins.
Preloading 0 native plugins for Editor in 0.00 ms.
Mono: successfully reloaded assembly
- Completed reload, in  1.034 seconds
Platform modules already initialized, skipping
Refreshing native plugins compatible for Editor in 0.42 ms, found 3 plugins.
Preloading 0 native plugins for Editor in 0.00 ms.
Unloading 2078 Unused Serialized files (Serialized files now loaded: 0)
System memory in use before: 96.3 MB.
System memory in use after: 96.3 MB.

Unloading 21 unused Assets to reduce memory usage. Loaded Objects now: 2641.
Total: 2.492600 ms (FindLiveObjects: 0.232600 ms CreateObjectMapping: 0.078900 ms MarkObjects: 2.077200 ms  DeleteObjects: 0.102600 ms)

========================================================================
Received Import Request.
  Time since last request: 304.656918 seconds.
  path: Assets/Boid.prefab
  artifactKey: Guid(0042d787306bbe845afc0007eb955181) Importer(815301076,1909f56bfc062723c751e8b465ee728b)
Start importing Assets/Boid.prefab using Guid(0042d787306bbe845afc0007eb955181) Importer(815301076,1909f56bfc062723c751e8b465ee728b)  -> (artifact id: 'a20df67e162afbee9b92dfb702e67595') in 0.064392 seconds
  Import took 0.068125 seconds .

========================================================================
Received Prepare
Registering precompiled user dll's ...
Registered in 0.007593 seconds.
Begin MonoManager ReloadAssembly
Native extension for WindowsStandalone target not found
Refreshing native plugins compatible for Editor in 0.89 ms, found 3 plugins.
Preloading 0 native plugins for Editor in 0.00 ms.
Mono: successfully reloaded assembly
- Completed reload, in  1.104 seconds
Platform modules already initialized, skipping
Refreshing native plugins compatible for Editor in 0.41 ms, found 3 plugins.
Preloading 0 native plugins for Editor in 0.00 ms.
Unloading 2078 Unused Serialized files (Serialized files now loaded: 0)
System memory in use before: 96.3 MB.
System memory in use after: 96.3 MB.

Unloading 22 unused Assets to reduce memory usage. Loaded Objects now: 2646.
Total: 2.403000 ms (FindLiveObjects: 0.189100 ms CreateObjectMapping: 0.077600 ms MarkObjects: 2.019200 ms  DeleteObjects: 0.115800 ms)

========================================================================
Received Prepare
Registering precompiled user dll's ...
Registered in 0.004243 seconds.
Begin MonoManager ReloadAssembly
Native extension for WindowsStandalone target not found
Refreshing native plugins compatible for Editor in 0.45 ms, found 3 plugins.
Preloading 0 native plugins for Editor in 0.00 ms.
Mono: successfully reloaded assembly
- Completed reload, in  1.069 seconds
Platform modules already initialized, skipping
Refreshing native plugins compatible for Editor in 0.40 ms, found 3 plugins.
Preloading 0 native plugins for Editor in 0.00 ms.
Unloading 2078 Unused Serialized files (Serialized files now loaded: 0)
System memory in use before: 96.3 MB.
System memory in use after: 96.3 MB.

Unloading 21 unused Assets to reduce memory usage. Loaded Objects now: 2650.
Total: 5.790800 ms (FindLiveObjects: 0.207600 ms CreateObjectMapping: 0.072900 ms MarkObjects: 5.037500 ms  DeleteObjects: 0.469500 ms)

========================================================================
Received Import Request.
  Time since last request: 73.114995 seconds.
  path: Assets/Unlit.mat
  artifactKey: Guid(bb843a70787a5124889ae1932a5a98b5) Importer(815301076,1909f56bfc062723c751e8b465ee728b)
Start importing Assets/Unlit.mat using Guid(bb843a70787a5124889ae1932a5a98b5) Importer(815301076,1909f56bfc062723c751e8b465ee728b)  -> (artifact id: 'bd9bf6702bf2d7436259005e4904b026') in 0.066580 seconds
  Import took 0.069859 seconds .

========================================================================
Received Import Request.
  Time since last request: 13.716182 seconds.
  path: Assets/Boid.prefab
  artifactKey: Guid(0042d787306bbe845afc0007eb955181) Importer(815301076,1909f56bfc062723c751e8b465ee728b)
Start importing Assets/Boid.prefab using Guid(0042d787306bbe845afc0007eb955181) Importer(815301076,1909f56bfc062723c751e8b465ee728b)  -> (artifact id: 'c83a01d154f7662a8167793cefd1d025') in 0.020127 seconds
  Import took 0.026829 seconds .

========================================================================
Received Prepare
Registering precompiled user dll's ...
Registered in 0.004945 seconds.
Begin MonoManager ReloadAssembly
Native extension for WindowsStandalone target not found
Refreshing native plugins compatible for Editor in 0.72 ms, found 3 plugins.
Preloading 0 native plugins for Editor in 0.00 ms.
Mono: successfully reloaded assembly
- Completed reload, in  1.123 seconds
Platform modules already initialized, skipping
Refreshing native plugins compatible for Editor in 0.40 ms, found 3 plugins.
Preloading 0 native plugins for Editor in 0.00 ms.
Unloading 2078 Unused Serialized files (Serialized files now loaded: 0)
System memory in use before: 96.5 MB.
System memory in use after: 96.5 MB.

Unloading 21 unused Assets to reduce memory usage. Loaded Objects now: 2688.
Total: 4.675500 ms (FindLiveObjects: 0.364500 ms CreateObjectMapping: 0.423700 ms MarkObjects: 3.724600 ms  DeleteObjects: 0.160200 ms)

========================================================================
Received Prepare
Registering precompiled user dll's ...
Registered in 0.004516 seconds.
Begin MonoManager ReloadAssembly
Native extension for WindowsStandalone target not found
Refreshing native plugins compatible for Editor in 0.41 ms, found 3 plugins.
Preloading 0 native plugins for Editor in 0.00 ms.
Mono: successfully reloaded assembly
- Completed reload, in  1.120 seconds
Platform modules already initialized, skipping
Refreshing native plugins compatible for Editor in 2.11 ms, found 3 plugins.
Preloading 0 native plugins for Editor in 0.00 ms.
Unloading 2078 Unused Serialized files (Serialized files now loaded: 0)
System memory in use before: 96.5 MB.
System memory in use after: 96.5 MB.

Unloading 21 unused Assets to reduce memory usage. Loaded Objects now: 2692.
Total: 2.575700 ms (FindLiveObjects: 0.221400 ms CreateObjectMapping: 0.080700 ms MarkObjects: 2.168700 ms  DeleteObjects: 0.103300 ms)

========================================================================
Received Prepare
Registering precompiled user dll's ...
Registered in 0.007719 seconds.
Begin MonoManager ReloadAssembly
Native extension for WindowsStandalone target not found
Refreshing native plugins compatible for Editor in 0.71 ms, found 3 plugins.
Preloading 0 native plugins for Editor in 0.00 ms.
Mono: successfully reloaded assembly
- Completed reload, in  1.168 seconds
Platform modules already initialized, skipping
Refreshing native plugins compatible for Editor in 0.41 ms, found 3 plugins.
Preloading 0 native plugins for Editor in 0.00 ms.
Unloading 2078 Unused Serialized files (Serialized files now loaded: 0)
System memory in use before: 96.6 MB.
System memory in use after: 96.5 MB.

Unloading 21 unused Assets to reduce memory usage. Loaded Objects now: 2696.
Total: 2.466600 ms (FindLiveObjects: 0.244900 ms CreateObjectMapping: 0.090600 ms MarkObjects: 2.017200 ms  DeleteObjects: 0.112500 ms)

========================================================================
Received Import Request.
  Time since last request: 63.088307 seconds.
  path: Assets/Boid.prefab
  artifactKey: Guid(0042d787306bbe845afc0007eb955181) Importer(815301076,1909f56bfc062723c751e8b465ee728b)
Start importing Assets/Boid.prefab using Guid(0042d787306bbe845afc0007eb955181) Importer(815301076,1909f56bfc062723c751e8b465ee728b)  -> (artifact id: 'c79195dea4882f3bebb40922cda8ede8') in 0.060068 seconds
  Import took 0.063866 seconds .

========================================================================
Received Import Request.
  Time since last request: 3.325237 seconds.
  path: Assets/Boid.prefab
  artifactKey: Guid(0042d787306bbe845afc0007eb955181) Importer(815301076,1909f56bfc062723c751e8b465ee728b)
Start importing Assets/Boid.prefab using Guid(0042d787306bbe845afc0007eb955181) Importer(815301076,1909f56bfc062723c751e8b465ee728b)  -> (artifact id: '02da0754dd927a6cc5fab469473671d8') in 0.010403 seconds
  Import took 0.013637 seconds .

========================================================================
Received Prepare
Registering precompiled user dll's ...
Registered in 0.004645 seconds.
Begin MonoManager ReloadAssembly
Native extension for WindowsStandalone target not found
Refreshing native plugins compatible for Editor in 0.44 ms, found 3 plugins.
Preloading 0 native plugins for Editor in 0.00 ms.
Mono: successfully reloaded assembly
- Completed reload, in  1.001 seconds
Platform modules already initialized, skipping
Refreshing native plugins compatible for Editor in 0.64 ms, found 3 plugins.
Preloading 0 native plugins for Editor in 0.00 ms.
Unloading 2078 Unused Serialized files (Serialized files now loaded: 0)
System memory in use before: 96.6 MB.
System memory in use after: 96.5 MB.

Unloading 21 unused Assets to reduce memory usage. Loaded Objects now: 2701.
Total: 2.632700 ms (FindLiveObjects: 0.187500 ms CreateObjectMapping: 0.087200 ms MarkObjects: 2.253600 ms  DeleteObjects: 0.103000 ms)

========================================================================
Received Import Request.
  Time since last request: 12.683199 seconds.
  path: Assets/Boid.prefab
  artifactKey: Guid(0042d787306bbe845afc0007eb955181) Importer(815301076,1909f56bfc062723c751e8b465ee728b)
Start importing Assets/Boid.prefab using Guid(0042d787306bbe845afc0007eb955181) Importer(815301076,1909f56bfc062723c751e8b465ee728b)  -> (artifact id: '9c8eca3e44c1c62e709305caf61c1c63') in 0.062171 seconds
  Import took 0.065384 seconds .

========================================================================
Received Prepare
Registering precompiled user dll's ...
Registered in 0.004441 seconds.
Begin MonoManager ReloadAssembly
Native extension for WindowsStandalone target not found
Refreshing native plugins compatible for Editor in 0.51 ms, found 3 plugins.
Preloading 0 native plugins for Editor in 0.00 ms.
Mono: successfully reloaded assembly
- Completed reload, in  1.248 seconds
Platform modules already initialized, skipping
Refreshing native plugins compatible for Editor in 0.42 ms, found 3 plugins.
Preloading 0 native plugins for Editor in 0.00 ms.
Unloading 2078 Unused Serialized files (Serialized files now loaded: 0)
System memory in use before: 96.6 MB.
System memory in use after: 96.6 MB.

Unloading 21 unused Assets to reduce memory usage. Loaded Objects now: 2706.
Total: 2.407900 ms (FindLiveObjects: 0.236400 ms CreateObjectMapping: 0.077800 ms MarkObjects: 1.985500 ms  DeleteObjects: 0.107000 ms)

========================================================================
Received Prepare
Registering precompiled user dll's ...
Registered in 0.005691 seconds.
Begin MonoManager ReloadAssembly
Native extension for WindowsStandalone target not found
Refreshing native plugins compatible for Editor in 0.42 ms, found 3 plugins.
Preloading 0 native plugins for Editor in 0.00 ms.
Mono: successfully reloaded assembly
- Completed reload, in  1.085 seconds
Platform modules already initialized, skipping
Refreshing native plugins compatible for Editor in 0.40 ms, found 3 plugins.
Preloading 0 native plugins for Editor in 0.00 ms.
Unloading 2078 Unused Serialized files (Serialized files now loaded: 0)
System memory in use before: 96.7 MB.
System memory in use after: 96.7 MB.

Unloading 21 unused Assets to reduce memory usage. Loaded Objects now: 2710.
Total: 2.430100 ms (FindLiveObjects: 0.227600 ms CreateObjectMapping: 0.075300 ms MarkObjects: 2.025500 ms  DeleteObjects: 0.100700 ms)

========================================================================
Received Prepare
Registering precompiled user dll's ...
Registered in 0.005055 seconds.
Begin MonoManager ReloadAssembly
Native extension for WindowsStandalone target not found
Refreshing native plugins compatible for Editor in 0.41 ms, found 3 plugins.
Preloading 0 native plugins for Editor in 0.00 ms.
Mono: successfully reloaded assembly
- Completed reload, in  1.046 seconds
Platform modules already initialized, skipping
Refreshing native plugins compatible for Editor in 0.68 ms, found 3 plugins.
Preloading 0 native plugins for Editor in 0.00 ms.
Unloading 2078 Unused Serialized files (Serialized files now loaded: 0)
System memory in use before: 96.7 MB.
System memory in use after: 96.7 MB.

Unloading 21 unused Assets to reduce memory usage. Loaded Objects now: 2714.
Total: 2.505300 ms (FindLiveObjects: 0.227800 ms CreateObjectMapping: 0.071200 ms MarkObjects: 2.102400 ms  DeleteObjects: 0.102500 ms)

========================================================================
Received Prepare
Registering precompiled user dll's ...
Registered in 0.004284 seconds.
Begin MonoManager ReloadAssembly
Native extension for WindowsStandalone target not found
Refreshing native plugins compatible for Editor in 0.40 ms, found 3 plugins.
Preloading 0 native plugins for Editor in 0.00 ms.
Mono: successfully reloaded assembly
- Completed reload, in  1.150 seconds
Platform modules already initialized, skipping
Refreshing native plugins compatible for Editor in 0.39 ms, found 3 plugins.
Preloading 0 native plugins for Editor in 0.00 ms.
Unloading 2078 Unused Serialized files (Serialized files now loaded: 0)
System memory in use before: 96.7 MB.
System memory in use after: 96.8 MB.

Unloading 21 unused Assets to reduce memory usage. Loaded Objects now: 2718.
Total: 2.222300 ms (FindLiveObjects: 0.223500 ms CreateObjectMapping: 0.086600 ms MarkObjects: 1.803000 ms  DeleteObjects: 0.108000 ms)

========================================================================
Received Import Request.
  Time since last request: 101.755128 seconds.
  path: Assets/Boid.prefab
  artifactKey: Guid(0042d787306bbe845afc0007eb955181) Importer(815301076,1909f56bfc062723c751e8b465ee728b)
Start importing Assets/Boid.prefab using Guid(0042d787306bbe845afc0007eb955181) Importer(815301076,1909f56bfc062723c751e8b465ee728b)  -> (artifact id: 'f5432077e97062587ea4ac37499e57f7') in 0.061303 seconds
  Import took 0.064928 seconds .

========================================================================
Received Prepare
Registering precompiled user dll's ...
Registered in 0.006018 seconds.
Begin MonoManager ReloadAssembly
Native extension for WindowsStandalone target not found
Refreshing native plugins compatible for Editor in 0.67 ms, found 3 plugins.
Preloading 0 native plugins for Editor in 0.00 ms.
Mono: successfully reloaded assembly
- Completed reload, in  1.109 seconds
Platform modules already initialized, skipping
Refreshing native plugins compatible for Editor in 0.40 ms, found 3 plugins.
Preloading 0 native plugins for Editor in 0.00 ms.
Unloading 2078 Unused Serialized files (Serialized files now loaded: 0)
System memory in use before: 96.7 MB.
System memory in use after: 96.8 MB.

Unloading 21 unused Assets to reduce memory usage. Loaded Objects now: 2723.
Total: 3.041300 ms (FindLiveObjects: 0.469200 ms CreateObjectMapping: 0.139400 ms MarkObjects: 2.268200 ms  DeleteObjects: 0.162100 ms)

========================================================================
Received Import Request.
  Time since last request: 234.168182 seconds.
  path: Assets/Unlit.mat
  artifactKey: Guid(bb843a70787a5124889ae1932a5a98b5) Importer(815301076,1909f56bfc062723c751e8b465ee728b)
Start importing Assets/Unlit.mat using Guid(bb843a70787a5124889ae1932a5a98b5) Importer(815301076,1909f56bfc062723c751e8b465ee728b)  -> (artifact id: 'b771bf30fe555648c275c90cd86e459b') in 0.061651 seconds
  Import took 0.070555 seconds .

========================================================================
Received Prepare
Registering precompiled user dll's ...
Registered in 0.005356 seconds.
Begin MonoManager ReloadAssembly
Native extension for WindowsStandalone target not found
Refreshing native plugins compatible for Editor in 1.41 ms, found 3 plugins.
Preloading 0 native plugins for Editor in 0.00 ms.
Mono: successfully reloaded assembly
- Completed reload, in  1.217 seconds
Platform modules already initialized, skipping
Refreshing native plugins compatible for Editor in 2.04 ms, found 3 plugins.
Preloading 0 native plugins for Editor in 0.00 ms.
Unloading 2078 Unused Serialized files (Serialized files now loaded: 0)
System memory in use before: 96.7 MB.
System memory in use after: 96.8 MB.

Unloading 21 unused Assets to reduce memory usage. Loaded Objects now: 2729.
Total: 2.535700 ms (FindLiveObjects: 0.229900 ms CreateObjectMapping: 0.079800 ms MarkObjects: 2.119700 ms  DeleteObjects: 0.105300 ms)

========================================================================
Received Import Request.
  Time since last request: 1448.241615 seconds.
  path: Assets/Boid.prefab
  artifactKey: Guid(0042d787306bbe845afc0007eb955181) Importer(815301076,1909f56bfc062723c751e8b465ee728b)
Start importing Assets/Boid.prefab using Guid(0042d787306bbe845afc0007eb955181) Importer(815301076,1909f56bfc062723c751e8b465ee728b)  -> (artifact id: 'f0dcfa2562a3eb533d7511e4a8aa47ce') in 0.067581 seconds
  Import took 0.071578 seconds .

========================================================================
Received Prepare
Registering precompiled user dll's ...
Registered in 0.005836 seconds.
Begin MonoManager ReloadAssembly
Native extension for WindowsStandalone target not found
Refreshing native plugins compatible for Editor in 0.41 ms, found 3 plugins.
Preloading 0 native plugins for Editor in 0.00 ms.
Mono: successfully reloaded assembly
- Completed reload, in  1.039 seconds
Platform modules already initialized, skipping
Refreshing native plugins compatible for Editor in 0.68 ms, found 3 plugins.
Preloading 0 native plugins for Editor in 0.00 ms.
Unloading 2078 Unused Serialized files (Serialized files now loaded: 0)
System memory in use before: 96.8 MB.
System memory in use after: 96.8 MB.

Unloading 21 unused Assets to reduce memory usage. Loaded Objects now: 2734.
Total: 2.776400 ms (FindLiveObjects: 0.240000 ms CreateObjectMapping: 0.102700 ms MarkObjects: 2.328300 ms  DeleteObjects: 0.104600 ms)

AssetImportWorkerClient::OnTransportError - code=2 error=End of file
